This file contains any messages produced by compilers while
running configure, to aid debugging if configure makes a mistake.

It was created by recordmydesktop configure 0.3.8.1, which was
generated by GNU Autoconf 2.69.  Invocation command line was

  $ ./configure 

## --------- ##
## Platform. ##
## --------- ##

hostname = ipat-y580
uname -m = x86_64
uname -r = 4.4.0-42-generic
uname -s = Linux
uname -v = #62-Ubuntu SMP Fri Oct 7 23:11:45 UTC 2016

/usr/bin/uname -p = unknown
/bin/uname -X     = unknown

/bin/arch              = unknown
/usr/bin/arch -k       = unknown
/usr/convex/getsysinfo = unknown
/usr/bin/hostinfo      = unknown
/bin/machine           = unknown
/usr/bin/oslevel       = unknown
/bin/universe          = unknown

PATH: /usr/local/sbin
PATH: /usr/local/bin
PATH: /usr/sbin
PATH: /usr/bin
PATH: /sbin
PATH: /bin
PATH: /usr/games
PATH: /usr/local/games
PATH: /home/ishan/apache-maven-3.3.9/bin
PATH: /snap/bin
PATH: /usr/lib/jvm/java-8-oracle/bin
PATH: /usr/lib/jvm/java-8-oracle/db/bin
PATH: /usr/lib/jvm/java-8-oracle/jre/bin


## ----------- ##
## Core tests. ##
## ----------- ##

configure:2280: checking for a BSD-compatible install
configure:2348: result: /usr/bin/install -c
configure:2359: checking whether build environment is sane
configure:2414: result: yes
configure:2565: checking for a thread-safe mkdir -p
configure:2604: result: /bin/mkdir -p
configure:2611: checking for gawk
configure:2641: result: no
configure:2611: checking for mawk
configure:2627: found /usr/bin/mawk
configure:2638: result: mawk
configure:2649: checking whether make sets $(MAKE)
configure:2671: result: yes
configure:2700: checking whether make supports nested variables
configure:2717: result: yes
configure:2900: checking for gcc
configure:2916: found /usr/bin/gcc
configure:2927: result: gcc
configure:3156: checking for C compiler version
configure:3165: gcc --version >&5
gcc (Ubuntu 5.4.0-6ubuntu1~16.04.2) 5.4.0 20160609
Copyright (C) 2015 Free Software Foundation, Inc.
This is free software; see the source for copying conditions.  There is NO
warranty; not even for MERCHANTABILITY or FITNESS FOR A PARTICULAR PURPOSE.

configure:3176: $? = 0
configure:3165: gcc -v >&5
Using built-in specs.
COLLECT_GCC=gcc
COLLECT_LTO_WRAPPER=/usr/lib/gcc/x86_64-linux-gnu/5/lto-wrapper
Target: x86_64-linux-gnu
Configured with: ../src/configure -v --with-pkgversion='Ubuntu 5.4.0-6ubuntu1~16.04.2' --with-bugurl=file:///usr/share/doc/gcc-5/README.Bugs --enable-languages=c,ada,c++,java,go,d,fortran,objc,obj-c++ --prefix=/usr --program-suffix=-5 --enable-shared --enable-linker-build-id --libexecdir=/usr/lib --without-included-gettext --enable-threads=posix --libdir=/usr/lib --enable-nls --with-sysroot=/ --enable-clocale=gnu --enable-libstdcxx-debug --enable-libstdcxx-time=yes --with-default-libstdcxx-abi=new --enable-gnu-unique-object --disable-vtable-verify --enable-libmpx --enable-plugin --with-system-zlib --disable-browser-plugin --enable-java-awt=gtk --enable-gtk-cairo --with-java-home=/usr/lib/jvm/java-1.5.0-gcj-5-amd64/jre --enable-java-home --with-jvm-root-dir=/usr/lib/jvm/java-1.5.0-gcj-5-amd64 --with-jvm-jar-dir=/usr/lib/jvm-exports/java-1.5.0-gcj-5-amd64 --with-arch-directory=amd64 --with-ecj-jar=/usr/share/java/eclipse-ecj.jar --enable-objc-gc --enable-multiarch --disable-werror --with-arch-32=i686 --with-abi=m64 --with-multilib-list=m32,m64,mx32 --enable-multilib --with-tune=generic --enable-checking=release --build=x86_64-linux-gnu --host=x86_64-linux-gnu --target=x86_64-linux-gnu
Thread model: posix
gcc version 5.4.0 20160609 (Ubuntu 5.4.0-6ubuntu1~16.04.2) 
configure:3176: $? = 0
configure:3165: gcc -V >&5
gcc: error: unrecognized command line option '-V'
gcc: fatal error: no input files
compilation terminated.
configure:3176: $? = 1
configure:3165: gcc -qversion >&5
gcc: error: unrecognized command line option '-qversion'
gcc: fatal error: no input files
compilation terminated.
configure:3176: $? = 1
configure:3196: checking whether the C compiler works
configure:3218: gcc    conftest.c  >&5
configure:3222: $? = 0
configure:3270: result: yes
configure:3273: checking for C compiler default output file name
configure:3275: result: a.out
configure:3281: checking for suffix of executables
configure:3288: gcc -o conftest    conftest.c  >&5
configure:3292: $? = 0
configure:3314: result: 
configure:3336: checking whether we are cross compiling
configure:3344: gcc -o conftest    conftest.c  >&5
configure:3348: $? = 0
configure:3355: ./conftest
configure:3359: $? = 0
configure:3374: result: no
configure:3379: checking for suffix of object files
configure:3401: gcc -c   conftest.c >&5
configure:3405: $? = 0
configure:3426: result: o
configure:3430: checking whether we are using the GNU C compiler
configure:3449: gcc -c   conftest.c >&5
configure:3449: $? = 0
configure:3458: result: yes
configure:3467: checking whether gcc accepts -g
configure:3487: gcc -c -g  conftest.c >&5
configure:3487: $? = 0
configure:3528: result: yes
configure:3545: checking for gcc option to accept ISO C89
configure:3608: gcc  -c -g -O2  conftest.c >&5
configure:3608: $? = 0
configure:3621: result: none needed
configure:3646: checking whether gcc understands -c and -o together
configure:3668: gcc -c conftest.c -o conftest2.o
configure:3671: $? = 0
configure:3668: gcc -c conftest.c -o conftest2.o
configure:3671: $? = 0
configure:3683: result: yes
configure:3711: checking for style of include used by make
configure:3739: result: GNU
configure:3765: checking dependency style of gcc
configure:3876: result: gcc3
configure:3897: checking build system type
configure:3911: result: x86_64-pc-linux-gnu
configure:3931: checking host system type
configure:3944: result: x86_64-pc-linux-gnu
configure:3970: checking how to run the C preprocessor
configure:4001: gcc -E  conftest.c
configure:4001: $? = 0
configure:4015: gcc -E  conftest.c
conftest.c:11:28: fatal error: ac_nonexistent.h: No such file or directory
compilation terminated.
configure:4015: $? = 1
configure: failed program was:
| /* confdefs.h */
| #define PACKAGE_NAME "recordmydesktop"
| #define PACKAGE_TARNAME "recordmydesktop"
| #define PACKAGE_VERSION "0.3.8.1"
| #define PACKAGE_STRING "recordmydesktop 0.3.8.1"
| #define PACKAGE_BUGREPORT ""
| #define PACKAGE_URL ""
| #define PACKAGE "recordmydesktop"
| #define VERSION "0.3.8.1"
| /* end confdefs.h.  */
| #include <ac_nonexistent.h>
configure:4040: result: gcc -E
configure:4060: gcc -E  conftest.c
configure:4060: $? = 0
configure:4074: gcc -E  conftest.c
conftest.c:11:28: fatal error: ac_nonexistent.h: No such file or directory
compilation terminated.
configure:4074: $? = 1
configure: failed program was:
| /* confdefs.h */
| #define PACKAGE_NAME "recordmydesktop"
| #define PACKAGE_TARNAME "recordmydesktop"
| #define PACKAGE_VERSION "0.3.8.1"
| #define PACKAGE_STRING "recordmydesktop 0.3.8.1"
| #define PACKAGE_BUGREPORT ""
| #define PACKAGE_URL ""
| #define PACKAGE "recordmydesktop"
| #define VERSION "0.3.8.1"
| /* end confdefs.h.  */
| #include <ac_nonexistent.h>
configure:4103: checking for grep that handles long lines and -e
configure:4161: result: /bin/grep
configure:4166: checking for egrep
configure:4228: result: /bin/grep -E
configure:4233: checking for ANSI C header files
configure:4253: gcc -c -g -O2  conftest.c >&5
configure:4253: $? = 0
configure:4326: gcc -o conftest -g -O2   conftest.c  >&5
configure:4326: $? = 0
configure:4326: ./conftest
configure:4326: $? = 0
configure:4337: result: yes
configure:4350: checking for sys/types.h
configure:4350: gcc -c -g -O2  conftest.c >&5
configure:4350: $? = 0
configure:4350: result: yes
configure:4350: checking for sys/stat.h
configure:4350: gcc -c -g -O2  conftest.c >&5
configure:4350: $? = 0
configure:4350: result: yes
configure:4350: checking for stdlib.h
configure:4350: gcc -c -g -O2  conftest.c >&5
configure:4350: $? = 0
configure:4350: result: yes
configure:4350: checking for string.h
configure:4350: gcc -c -g -O2  conftest.c >&5
configure:4350: $? = 0
configure:4350: result: yes
configure:4350: checking for memory.h
configure:4350: gcc -c -g -O2  conftest.c >&5
configure:4350: $? = 0
configure:4350: result: yes
configure:4350: checking for strings.h
configure:4350: gcc -c -g -O2  conftest.c >&5
configure:4350: $? = 0
configure:4350: result: yes
configure:4350: checking for inttypes.h
configure:4350: gcc -c -g -O2  conftest.c >&5
configure:4350: $? = 0
configure:4350: result: yes
configure:4350: checking for stdint.h
configure:4350: gcc -c -g -O2  conftest.c >&5
configure:4350: $? = 0
configure:4350: result: yes
configure:4350: checking for unistd.h
configure:4350: gcc -c -g -O2  conftest.c >&5
configure:4350: $? = 0
configure:4350: result: yes
configure:4362: checking whether byte ordering is bigendian
configure:4377: gcc -c -g -O2  conftest.c >&5
conftest.c:22:9: error: unknown type name 'not'
         not a universal capable compiler
         ^
conftest.c:22:15: error: expected '=', ',', ';', 'asm' or '__attribute__' before 'universal'
         not a universal capable compiler
               ^
conftest.c:22:15: error: unknown type name 'universal'
configure:4377: $? = 1
configure: failed program was:
| /* confdefs.h */
| #define PACKAGE_NAME "recordmydesktop"
| #define PACKAGE_TARNAME "recordmydesktop"
| #define PACKAGE_VERSION "0.3.8.1"
| #define PACKAGE_STRING "recordmydesktop 0.3.8.1"
| #define PACKAGE_BUGREPORT ""
| #define PACKAGE_URL ""
| #define PACKAGE "recordmydesktop"
| #define VERSION "0.3.8.1"
| #define STDC_HEADERS 1
| #define HAVE_SYS_TYPES_H 1
| #define HAVE_SYS_STAT_H 1
| #define HAVE_STDLIB_H 1
| #define HAVE_STRING_H 1
| #define HAVE_MEMORY_H 1
| #define HAVE_STRINGS_H 1
| #define HAVE_INTTYPES_H 1
| #define HAVE_STDINT_H 1
| #define HAVE_UNISTD_H 1
| /* end confdefs.h.  */
| #ifndef __APPLE_CC__
| 	       not a universal capable compiler
| 	     #endif
| 	     typedef int dummy;
| 
configure:4422: gcc -c -g -O2  conftest.c >&5
configure:4422: $? = 0
configure:4440: gcc -c -g -O2  conftest.c >&5
conftest.c: In function 'main':
conftest.c:28:4: error: unknown type name 'not'
    not big endian
    ^
conftest.c:28:12: error: expected '=', ',', ';', 'asm' or '__attribute__' before 'endian'
    not big endian
            ^
configure:4440: $? = 1
configure: failed program was:
| /* confdefs.h */
| #define PACKAGE_NAME "recordmydesktop"
| #define PACKAGE_TARNAME "recordmydesktop"
| #define PACKAGE_VERSION "0.3.8.1"
| #define PACKAGE_STRING "recordmydesktop 0.3.8.1"
| #define PACKAGE_BUGREPORT ""
| #define PACKAGE_URL ""
| #define PACKAGE "recordmydesktop"
| #define VERSION "0.3.8.1"
| #define STDC_HEADERS 1
| #define HAVE_SYS_TYPES_H 1
| #define HAVE_SYS_STAT_H 1
| #define HAVE_STDLIB_H 1
| #define HAVE_STRING_H 1
| #define HAVE_MEMORY_H 1
| #define HAVE_STRINGS_H 1
| #define HAVE_INTTYPES_H 1
| #define HAVE_STDINT_H 1
| #define HAVE_UNISTD_H 1
| /* end confdefs.h.  */
| #include <sys/types.h>
| 		#include <sys/param.h>
| 
| int
| main ()
| {
| #if BYTE_ORDER != BIG_ENDIAN
| 		 not big endian
| 		#endif
| 
|   ;
|   return 0;
| }
configure:4568: result: no
configure:4591: checking for dirent.h that defines DIR
configure:4610: gcc -c -g -O2  conftest.c >&5
configure:4610: $? = 0
configure:4618: result: yes
configure:4631: checking for library containing opendir
configure:4662: gcc -o conftest -g -O2   conftest.c  >&5
configure:4662: $? = 0
configure:4679: result: none required
configure:4746: checking for ANSI C header files
configure:4850: result: yes
configure:4859: checking for X
configure:4967: gcc -E  conftest.c
configure:4967: $? = 0
configure:4998: gcc -o conftest -g -O2   conftest.c -lX11  >&5
configure:4998: $? = 0
configure:5048: result: libraries , headers 
configure:5147: gcc -o conftest -g -O2   conftest.c   -lX11 >&5
configure:5147: $? = 0
configure:5245: checking for gethostbyname
configure:5245: gcc -o conftest -g -O2   conftest.c  >&5
configure:5245: $? = 0
configure:5245: result: yes
configure:5342: checking for connect
configure:5342: gcc -o conftest -g -O2   conftest.c  >&5
configure:5342: $? = 0
configure:5342: result: yes
configure:5391: checking for remove
configure:5391: gcc -o conftest -g -O2   conftest.c  >&5
configure:5391: $? = 0
configure:5391: result: yes
configure:5440: checking for shmat
configure:5440: gcc -o conftest -g -O2   conftest.c  >&5
configure:5440: $? = 0
configure:5440: result: yes
configure:5498: checking for IceConnectionNumber in -lICE
configure:5523: gcc -o conftest -g -O2   conftest.c -lICE   >&5
configure:5523: $? = 0
configure:5532: result: yes
configure:5577: checking alsa/asoundlib.h usability
configure:5577: gcc -c -g -O2  conftest.c >&5
conftest.c:56:28: fatal error: alsa/asoundlib.h: No such file or directory
compilation terminated.
configure:5577: $? = 1
configure: failed program was:
| /* confdefs.h */
| #define PACKAGE_NAME "recordmydesktop"
| #define PACKAGE_TARNAME "recordmydesktop"
| #define PACKAGE_VERSION "0.3.8.1"
| #define PACKAGE_STRING "recordmydesktop 0.3.8.1"
| #define PACKAGE_BUGREPORT ""
| #define PACKAGE_URL ""
| #define PACKAGE "recordmydesktop"
| #define VERSION "0.3.8.1"
| #define STDC_HEADERS 1
| #define HAVE_SYS_TYPES_H 1
| #define HAVE_SYS_STAT_H 1
| #define HAVE_STDLIB_H 1
| #define HAVE_STRING_H 1
| #define HAVE_MEMORY_H 1
| #define HAVE_STRINGS_H 1
| #define HAVE_INTTYPES_H 1
| #define HAVE_STDINT_H 1
| #define HAVE_UNISTD_H 1
| #define HAVE_DIRENT_H 1
| #define STDC_HEADERS 1
| /* end confdefs.h.  */
| #include <stdio.h>
| #ifdef HAVE_SYS_TYPES_H
| # include <sys/types.h>
| #endif
| #ifdef HAVE_SYS_STAT_H
| # include <sys/stat.h>
| #endif
| #ifdef STDC_HEADERS
| # include <stdlib.h>
| # include <stddef.h>
| #else
| # ifdef HAVE_STDLIB_H
| #  include <stdlib.h>
| # endif
| #endif
| #ifdef HAVE_STRING_H
| # if !defined STDC_HEADERS && defined HAVE_MEMORY_H
| #  include <memory.h>
| # endif
| # include <string.h>
| #endif
| #ifdef HAVE_STRINGS_H
| # include <strings.h>
| #endif
| #ifdef HAVE_INTTYPES_H
| # include <inttypes.h>
| #endif
| #ifdef HAVE_STDINT_H
| # include <stdint.h>
| #endif
| #ifdef HAVE_UNISTD_H
| # include <unistd.h>
| #endif
| #include <alsa/asoundlib.h>
configure:5577: result: no
configure:5577: checking alsa/asoundlib.h presence
configure:5577: gcc -E  conftest.c
conftest.c:23:28: fatal error: alsa/asoundlib.h: No such file or directory
compilation terminated.
configure:5577: $? = 1
configure: failed program was:
| /* confdefs.h */
| #define PACKAGE_NAME "recordmydesktop"
| #define PACKAGE_TARNAME "recordmydesktop"
| #define PACKAGE_VERSION "0.3.8.1"
| #define PACKAGE_STRING "recordmydesktop 0.3.8.1"
| #define PACKAGE_BUGREPORT ""
| #define PACKAGE_URL ""
| #define PACKAGE "recordmydesktop"
| #define VERSION "0.3.8.1"
| #define STDC_HEADERS 1
| #define HAVE_SYS_TYPES_H 1
| #define HAVE_SYS_STAT_H 1
| #define HAVE_STDLIB_H 1
| #define HAVE_STRING_H 1
| #define HAVE_MEMORY_H 1
| #define HAVE_STRINGS_H 1
| #define HAVE_INTTYPES_H 1
| #define HAVE_STDINT_H 1
| #define HAVE_UNISTD_H 1
| #define HAVE_DIRENT_H 1
| #define STDC_HEADERS 1
| /* end confdefs.h.  */
| #include <alsa/asoundlib.h>
configure:5577: result: no
configure:5577: checking for alsa/asoundlib.h
configure:5577: result: no
configure:5583: checking endian.h usability
configure:5583: gcc -c -g -O2  conftest.c >&5
configure:5583: $? = 0
configure:5583: result: yes
configure:5583: checking endian.h presence
configure:5583: gcc -E  conftest.c
configure:5583: $? = 0
configure:5583: result: yes
configure:5583: checking for endian.h
configure:5583: result: yes
configure:5600: checking sys/soundcard.h usability
configure:5600: gcc -c -g -O2  conftest.c >&5
configure:5600: $? = 0
configure:5600: result: yes
configure:5600: checking sys/soundcard.h presence
configure:5600: gcc -E  conftest.c
configure:5600: $? = 0
configure:5600: result: yes
configure:5600: checking for sys/soundcard.h
configure:5600: result: yes
configure:5610: checking sys/time.h usability
configure:5610: gcc -c -g -O2  conftest.c >&5
configure:5610: $? = 0
configure:5610: result: yes
configure:5610: checking sys/time.h presence
configure:5610: gcc -E  conftest.c
configure:5610: $? = 0
configure:5610: result: yes
configure:5610: checking for sys/time.h
configure:5610: result: yes
configure:5610: checking for unistd.h
configure:5610: result: yes
configure:5610: checking vorbis/vorbisfile.h usability
configure:5610: gcc -c -g -O2  conftest.c >&5
configure:5610: $? = 0
configure:5610: result: yes
configure:5610: checking vorbis/vorbisfile.h presence
configure:5610: gcc -E  conftest.c
configure:5610: $? = 0
configure:5610: result: yes
configure:5610: checking for vorbis/vorbisfile.h
configure:5610: result: yes
configure:5610: checking fcntl.h usability
configure:5610: gcc -c -g -O2  conftest.c >&5
configure:5610: $? = 0
configure:5610: result: yes
configure:5610: checking fcntl.h presence
configure:5610: gcc -E  conftest.c
configure:5610: $? = 0
configure:5610: result: yes
configure:5610: checking for fcntl.h
configure:5610: result: yes
configure:5623: checking for u_int16_t
configure:5623: gcc -c -g -O2  conftest.c >&5
configure:5623: $? = 0
configure:5623: gcc -c -g -O2  conftest.c >&5
conftest.c: In function 'main':
conftest.c:63:24: error: expected expression before ')' token
 if (sizeof ((u_int16_t)))
                        ^
configure:5623: $? = 1
configure: failed program was:
| /* confdefs.h */
| #define PACKAGE_NAME "recordmydesktop"
| #define PACKAGE_TARNAME "recordmydesktop"
| #define PACKAGE_VERSION "0.3.8.1"
| #define PACKAGE_STRING "recordmydesktop 0.3.8.1"
| #define PACKAGE_BUGREPORT ""
| #define PACKAGE_URL ""
| #define PACKAGE "recordmydesktop"
| #define VERSION "0.3.8.1"
| #define STDC_HEADERS 1
| #define HAVE_SYS_TYPES_H 1
| #define HAVE_SYS_STAT_H 1
| #define HAVE_STDLIB_H 1
| #define HAVE_STRING_H 1
| #define HAVE_MEMORY_H 1
| #define HAVE_STRINGS_H 1
| #define HAVE_INTTYPES_H 1
| #define HAVE_STDINT_H 1
| #define HAVE_UNISTD_H 1
| #define HAVE_DIRENT_H 1
| #define STDC_HEADERS 1
| #define HAVE_SYS_TIME_H 1
| #define HAVE_UNISTD_H 1
| #define HAVE_VORBIS_VORBISFILE_H 1
| #define HAVE_FCNTL_H 1
| /* end confdefs.h.  */
| #include <stdio.h>
| #ifdef HAVE_SYS_TYPES_H
| # include <sys/types.h>
| #endif
| #ifdef HAVE_SYS_STAT_H
| # include <sys/stat.h>
| #endif
| #ifdef STDC_HEADERS
| # include <stdlib.h>
| # include <stddef.h>
| #else
| # ifdef HAVE_STDLIB_H
| #  include <stdlib.h>
| # endif
| #endif
| #ifdef HAVE_STRING_H
| # if !defined STDC_HEADERS && defined HAVE_MEMORY_H
| #  include <memory.h>
| # endif
| # include <string.h>
| #endif
| #ifdef HAVE_STRINGS_H
| # include <strings.h>
| #endif
| #ifdef HAVE_INTTYPES_H
| # include <inttypes.h>
| #endif
| #ifdef HAVE_STDINT_H
| # include <stdint.h>
| #endif
| #ifdef HAVE_UNISTD_H
| # include <unistd.h>
| #endif
| int
| main ()
| {
| if (sizeof ((u_int16_t)))
| 	    return 0;
|   ;
|   return 0;
| }
configure:5623: result: yes
configure:5635: checking for u_int32_t
configure:5635: gcc -c -g -O2  conftest.c >&5
configure:5635: $? = 0
configure:5635: gcc -c -g -O2  conftest.c >&5
conftest.c: In function 'main':
conftest.c:64:24: error: expected expression before ')' token
 if (sizeof ((u_int32_t)))
                        ^
configure:5635: $? = 1
configure: failed program was:
| /* confdefs.h */
| #define PACKAGE_NAME "recordmydesktop"
| #define PACKAGE_TARNAME "recordmydesktop"
| #define PACKAGE_VERSION "0.3.8.1"
| #define PACKAGE_STRING "recordmydesktop 0.3.8.1"
| #define PACKAGE_BUGREPORT ""
| #define PACKAGE_URL ""
| #define PACKAGE "recordmydesktop"
| #define VERSION "0.3.8.1"
| #define STDC_HEADERS 1
| #define HAVE_SYS_TYPES_H 1
| #define HAVE_SYS_STAT_H 1
| #define HAVE_STDLIB_H 1
| #define HAVE_STRING_H 1
| #define HAVE_MEMORY_H 1
| #define HAVE_STRINGS_H 1
| #define HAVE_INTTYPES_H 1
| #define HAVE_STDINT_H 1
| #define HAVE_UNISTD_H 1
| #define HAVE_DIRENT_H 1
| #define STDC_HEADERS 1
| #define HAVE_SYS_TIME_H 1
| #define HAVE_UNISTD_H 1
| #define HAVE_VORBIS_VORBISFILE_H 1
| #define HAVE_FCNTL_H 1
| #define HAVE_U_INT16_T 1
| /* end confdefs.h.  */
| #include <stdio.h>
| #ifdef HAVE_SYS_TYPES_H
| # include <sys/types.h>
| #endif
| #ifdef HAVE_SYS_STAT_H
| # include <sys/stat.h>
| #endif
| #ifdef STDC_HEADERS
| # include <stdlib.h>
| # include <stddef.h>
| #else
| # ifdef HAVE_STDLIB_H
| #  include <stdlib.h>
| # endif
| #endif
| #ifdef HAVE_STRING_H
| # if !defined STDC_HEADERS && defined HAVE_MEMORY_H
| #  include <memory.h>
| # endif
| # include <string.h>
| #endif
| #ifdef HAVE_STRINGS_H
| # include <strings.h>
| #endif
| #ifdef HAVE_INTTYPES_H
| # include <inttypes.h>
| #endif
| #ifdef HAVE_STDINT_H
| # include <stdint.h>
| #endif
| #ifdef HAVE_UNISTD_H
| # include <unistd.h>
| #endif
| int
| main ()
| {
| if (sizeof ((u_int32_t)))
| 	    return 0;
|   ;
|   return 0;
| }
configure:5635: result: yes
configure:5647: checking for u_int64_t
configure:5647: gcc -c -g -O2  conftest.c >&5
configure:5647: $? = 0
configure:5647: gcc -c -g -O2  conftest.c >&5
conftest.c: In function 'main':
conftest.c:65:24: error: expected expression before ')' token
 if (sizeof ((u_int64_t)))
                        ^
configure:5647: $? = 1
configure: failed program was:
| /* confdefs.h */
| #define PACKAGE_NAME "recordmydesktop"
| #define PACKAGE_TARNAME "recordmydesktop"
| #define PACKAGE_VERSION "0.3.8.1"
| #define PACKAGE_STRING "recordmydesktop 0.3.8.1"
| #define PACKAGE_BUGREPORT ""
| #define PACKAGE_URL ""
| #define PACKAGE "recordmydesktop"
| #define VERSION "0.3.8.1"
| #define STDC_HEADERS 1
| #define HAVE_SYS_TYPES_H 1
| #define HAVE_SYS_STAT_H 1
| #define HAVE_STDLIB_H 1
| #define HAVE_STRING_H 1
| #define HAVE_MEMORY_H 1
| #define HAVE_STRINGS_H 1
| #define HAVE_INTTYPES_H 1
| #define HAVE_STDINT_H 1
| #define HAVE_UNISTD_H 1
| #define HAVE_DIRENT_H 1
| #define STDC_HEADERS 1
| #define HAVE_SYS_TIME_H 1
| #define HAVE_UNISTD_H 1
| #define HAVE_VORBIS_VORBISFILE_H 1
| #define HAVE_FCNTL_H 1
| #define HAVE_U_INT16_T 1
| #define HAVE_U_INT32_T 1
| /* end confdefs.h.  */
| #include <stdio.h>
| #ifdef HAVE_SYS_TYPES_H
| # include <sys/types.h>
| #endif
| #ifdef HAVE_SYS_STAT_H
| # include <sys/stat.h>
| #endif
| #ifdef STDC_HEADERS
| # include <stdlib.h>
| # include <stddef.h>
| #else
| # ifdef HAVE_STDLIB_H
| #  include <stdlib.h>
| # endif
| #endif
| #ifdef HAVE_STRING_H
| # if !defined STDC_HEADERS && defined HAVE_MEMORY_H
| #  include <memory.h>
| # endif
| # include <string.h>
| #endif
| #ifdef HAVE_STRINGS_H
| # include <strings.h>
| #endif
| #ifdef HAVE_INTTYPES_H
| # include <inttypes.h>
| #endif
| #ifdef HAVE_STDINT_H
| # include <stdint.h>
| #endif
| #ifdef HAVE_UNISTD_H
| # include <unistd.h>
| #endif
| int
| main ()
| {
| if (sizeof ((u_int64_t)))
| 	    return 0;
|   ;
|   return 0;
| }
configure:5647: result: yes
configure:5660: checking for isnan in -lm
configure:5685: gcc -o conftest -g -O2   conftest.c -lm   >&5
conftest.c:37:6: warning: conflicting types for built-in function 'isnan'
 char isnan ();
      ^
configure:5685: $? = 0
configure:5694: result: yes
configure:5705: checking for deflate in -lz
configure:5730: gcc -o conftest -g -O2   conftest.c -lz  -lm  >&5
configure:5730: $? = 0
configure:5739: result: yes
configure:5752: checking for poptSetOtherOptionHelp in -lpopt
configure:5777: gcc -o conftest -g -O2   conftest.c -lpopt  -lz -lm  >&5
configure:5777: $? = 0
configure:5786: result: yes
configure:5799: checking for IceOpenConnection in -lICE
configure:5824: gcc -o conftest -g -O2   conftest.c -lICE  -lpopt -lz -lm  >&5
configure:5824: $? = 0
configure:5833: result: yes
configure:5846: checking for SmcOpenConnection in -lSM
configure:5871: gcc -o conftest -g -O2   conftest.c -lSM  -lICE -lpopt -lz -lm  >&5
configure:5871: $? = 0
configure:5880: result: yes
configure:5893: checking for XOpenDisplay in -lX11
configure:5918: gcc -o conftest -g -O2   conftest.c -lX11 -L  -lSM -lICE -lSM -lICE -lpopt -lz -lm  >&5
configure:5918: $? = 0
configure:5927: result: yes
configure:5940: checking for XShmQueryVersion in -lXext
configure:5965: gcc -o conftest -g -O2   conftest.c -lXext  -lX11 -lSM -lICE -lpopt -lz -lm  >&5
configure:5965: $? = 0
configure:5974: result: yes
configure:5987: checking for XFixesQueryExtension in -lXfixes
configure:6012: gcc -o conftest -g -O2   conftest.c -lXfixes  -lXext -lX11 -lSM -lICE -lpopt -lz -lm  >&5
configure:6012: $? = 0
configure:6021: result: yes
configure:6034: checking for XDamageQueryExtension in -lXdamage
configure:6059: gcc -o conftest -g -O2   conftest.c -lXdamage  -lXfixes -lXext -lX11 -lSM -lICE -lpopt -lz -lm  >&5
configure:6059: $? = 0
configure:6068: result: yes
configure:6081: checking for vorbis_info_clear in -lvorbis
configure:6106: gcc -o conftest -g -O2   conftest.c -lvorbis  -lXdamage -lXfixes -lXext -lX11 -lSM -lICE -lpopt -lz -lm  >&5
configure:6106: $? = 0
configure:6115: result: yes
configure:6128: checking for ov_open in -lvorbisfile
configure:6153: gcc -o conftest -g -O2   conftest.c -lvorbisfile -lvorbis -lvorbis -lXdamage -lXfixes -lXext -lX11 -lSM -lICE -lpopt -lz -lm  >&5
configure:6153: $? = 0
configure:6162: result: yes
configure:6175: checking for vorbis_encode_init in -lvorbisenc
configure:6200: gcc -o conftest -g -O2   conftest.c -lvorbisenc -lvorbis -lvorbisfile -lvorbis -lXdamage -lXfixes -lXext -lX11 -lSM -lICE -lpopt -lz -lm  >&5
configure:6200: $? = 0
configure:6209: result: yes
configure:6222: checking for ogg_stream_init in -logg
configure:6247: gcc -o conftest -g -O2   conftest.c -logg  -lvorbisenc -lvorbisfile -lvorbis -lXdamage -lXfixes -lXext -lX11 -lSM -lICE -lpopt -lz -lm  >&5
configure:6247: $? = 0
configure:6256: result: yes
configure:6269: checking for theora_encode_YUVin in -ltheora
configure:6294: gcc -o conftest -g -O2   conftest.c -ltheora  -logg -lvorbisenc -lvorbisfile -lvorbis -lXdamage -lXfixes -lXext -lX11 -lSM -lICE -lpopt -lz -lm  >&5
configure:6294: $? = 0
configure:6303: result: yes
configure:6316: checking for pthread_mutex_lock in -lpthread
configure:6341: gcc -o conftest -g -O2   conftest.c -lpthread  -ltheora -logg -lvorbisenc -lvorbisfile -lvorbis -lXdamage -lXfixes -lXext -lX11 -lSM -lICE -lpopt -lz -lm  >&5
configure:6341: $? = 0
configure:6350: result: yes
configure:6365: checking for jack_activate in -ljack
configure:6390: gcc -o conftest -g -O2   conftest.c -ljack  -lpthread -ltheora -logg -lvorbisenc -lvorbisfile -lvorbis -lXdamage -lXfixes -lXext -lX11 -lSM -lICE -lpopt -lz -lm  >&5
/usr/bin/ld: cannot find -ljack
collect2: error: ld returned 1 exit status
configure:6390: $? = 1
configure: failed program was:
| /* confdefs.h */
| #define PACKAGE_NAME "recordmydesktop"
| #define PACKAGE_TARNAME "recordmydesktop"
| #define PACKAGE_VERSION "0.3.8.1"
| #define PACKAGE_STRING "recordmydesktop 0.3.8.1"
| #define PACKAGE_BUGREPORT ""
| #define PACKAGE_URL ""
| #define PACKAGE "recordmydesktop"
| #define VERSION "0.3.8.1"
| #define STDC_HEADERS 1
| #define HAVE_SYS_TYPES_H 1
| #define HAVE_SYS_STAT_H 1
| #define HAVE_STDLIB_H 1
| #define HAVE_STRING_H 1
| #define HAVE_MEMORY_H 1
| #define HAVE_STRINGS_H 1
| #define HAVE_INTTYPES_H 1
| #define HAVE_STDINT_H 1
| #define HAVE_UNISTD_H 1
| #define HAVE_DIRENT_H 1
| #define STDC_HEADERS 1
| #define HAVE_SYS_TIME_H 1
| #define HAVE_UNISTD_H 1
| #define HAVE_VORBIS_VORBISFILE_H 1
| #define HAVE_FCNTL_H 1
| #define HAVE_U_INT16_T 1
| #define HAVE_U_INT32_T 1
| #define HAVE_U_INT64_T 1
| #define HAVE_LIBM 1
| #define HAVE_LIBZ 1
| #define HAVE_LIBPOPT 1
| #define HAVE_LIBICE 1
| #define HAVE_LIBSM 1
| #define HAVE_LIBX11 1
| #define HAVE_LIBXEXT 1
| #define HAVE_LIBXFIXES 1
| #define HAVE_LIBXDAMAGE 1
| #define HAVE_LIBVORBIS 1
| #define HAVE_LIBVORBISFILE 1
| #define HAVE_LIBVORBISENC 1
| #define HAVE_LIBOGG 1
| #define HAVE_LIBTHEORA 1
| #define HAVE_LIBPTHREAD 1
| /* end confdefs.h.  */
| 
| /* Override any GCC internal prototype to avoid an error.
|    Use char because int might match the return type of a GCC
|    builtin and then its argument prototype would still apply.  */
| #ifdef __cplusplus
| extern "C"
| #endif
| char jack_activate ();
| int
| main ()
| {
| return jack_activate ();
|   ;
|   return 0;
| }
configure:6399: result: no
configure:6412: checking for snd_pcm_drain in -lasound
configure:6437: gcc -o conftest -g -O2   conftest.c -lasound  -lpthread -ltheora -logg -lvorbisenc -lvorbisfile -lvorbis -lXdamage -lXfixes -lXext -lX11 -lSM -lICE -lpopt -lz -lm  >&5
/usr/bin/ld: cannot find -lasound
collect2: error: ld returned 1 exit status
configure:6437: $? = 1
configure: failed program was:
| /* confdefs.h */
| #define PACKAGE_NAME "recordmydesktop"
| #define PACKAGE_TARNAME "recordmydesktop"
| #define PACKAGE_VERSION "0.3.8.1"
| #define PACKAGE_STRING "recordmydesktop 0.3.8.1"
| #define PACKAGE_BUGREPORT ""
| #define PACKAGE_URL ""
| #define PACKAGE "recordmydesktop"
| #define VERSION "0.3.8.1"
| #define STDC_HEADERS 1
| #define HAVE_SYS_TYPES_H 1
| #define HAVE_SYS_STAT_H 1
| #define HAVE_STDLIB_H 1
| #define HAVE_STRING_H 1
| #define HAVE_MEMORY_H 1
| #define HAVE_STRINGS_H 1
| #define HAVE_INTTYPES_H 1
| #define HAVE_STDINT_H 1
| #define HAVE_UNISTD_H 1
| #define HAVE_DIRENT_H 1
| #define STDC_HEADERS 1
| #define HAVE_SYS_TIME_H 1
| #define HAVE_UNISTD_H 1
| #define HAVE_VORBIS_VORBISFILE_H 1
| #define HAVE_FCNTL_H 1
| #define HAVE_U_INT16_T 1
| #define HAVE_U_INT32_T 1
| #define HAVE_U_INT64_T 1
| #define HAVE_LIBM 1
| #define HAVE_LIBZ 1
| #define HAVE_LIBPOPT 1
| #define HAVE_LIBICE 1
| #define HAVE_LIBSM 1
| #define HAVE_LIBX11 1
| #define HAVE_LIBXEXT 1
| #define HAVE_LIBXFIXES 1
| #define HAVE_LIBXDAMAGE 1
| #define HAVE_LIBVORBIS 1
| #define HAVE_LIBVORBISFILE 1
| #define HAVE_LIBVORBISENC 1
| #define HAVE_LIBOGG 1
| #define HAVE_LIBTHEORA 1
| #define HAVE_LIBPTHREAD 1
| /* end confdefs.h.  */
| 
| /* Override any GCC internal prototype to avoid an error.
|    Use char because int might match the return type of a GCC
|    builtin and then its argument prototype would still apply.  */
| #ifdef __cplusplus
| extern "C"
| #endif
| char snd_pcm_drain ();
| int
| main ()
| {
| return snd_pcm_drain ();
|   ;
|   return 0;
| }
configure:6446: result: no
configure:6466: checking whether closedir returns void
configure:6490: gcc -o conftest -g -O2   conftest.c -lpthread -ltheora -logg -lvorbisenc -lvorbisfile -lvorbis -lXdamage -lXfixes -lXext -lX11 -lSM -lICE -lpopt -lz -lm  >&5
configure:6490: $? = 0
configure:6490: ./conftest
configure:6490: $? = 0
configure:6500: result: no
configure:6510: checking for stdlib.h
configure:6510: result: yes
configure:6520: checking for GNU libc compatible malloc
configure:6544: gcc -o conftest -g -O2   conftest.c -lpthread -ltheora -logg -lvorbisenc -lvorbisfile -lvorbis -lXdamage -lXfixes -lXext -lX11 -lSM -lICE -lpopt -lz -lm  >&5
configure:6544: $? = 0
configure:6544: ./conftest
configure:6544: $? = 0
configure:6554: result: yes
configure:6686: checking that generated files are newer than configure
configure:6692: result: done
configure:6716: creating ./config.status

## ---------------------- ##
## Running config.status. ##
## ---------------------- ##

This file was extended by recordmydesktop config.status 0.3.8.1, which was
generated by GNU Autoconf 2.69.  Invocation command line was

  CONFIG_FILES    = 
  CONFIG_HEADERS  = 
  CONFIG_LINKS    = 
  CONFIG_COMMANDS = 
  $ ./config.status 

on ipat-y580

config.status:894: creating Makefile
config.status:894: creating src/Makefile
config.status:894: creating doc/Makefile
config.status:894: creating config.h
config.status:1075: config.h is unchanged
config.status:1123: executing depfiles commands

## ---------------- ##
## Cache variables. ##
## ---------------- ##

ac_cv_build=x86_64-pc-linux-gnu
ac_cv_c_bigendian=no
ac_cv_c_compiler_gnu=yes
ac_cv_env_CC_set=
ac_cv_env_CC_value=
ac_cv_env_CFLAGS_set=
ac_cv_env_CFLAGS_value=
ac_cv_env_CPPFLAGS_set=
ac_cv_env_CPPFLAGS_value=
ac_cv_env_CPP_set=
ac_cv_env_CPP_value=
ac_cv_env_LDFLAGS_set=
ac_cv_env_LDFLAGS_value=
ac_cv_env_LIBS_set=
ac_cv_env_LIBS_value=
ac_cv_env_XMKMF_set=
ac_cv_env_XMKMF_value=
ac_cv_env_build_alias_set=
ac_cv_env_build_alias_value=
ac_cv_env_host_alias_set=
ac_cv_env_host_alias_value=
ac_cv_env_target_alias_set=
ac_cv_env_target_alias_value=
ac_cv_func_closedir_void=no
ac_cv_func_connect=yes
ac_cv_func_gethostbyname=yes
ac_cv_func_malloc_0_nonnull=yes
ac_cv_func_remove=yes
ac_cv_func_shmat=yes
ac_cv_have_x='have_x=yes	ac_x_includes='\'''\''	ac_x_libraries='\'''\'''
ac_cv_header_alsa_asoundlib_h=no
ac_cv_header_dirent_dirent_h=yes
ac_cv_header_endian_h=yes
ac_cv_header_fcntl_h=yes
ac_cv_header_inttypes_h=yes
ac_cv_header_memory_h=yes
ac_cv_header_stdc=yes
ac_cv_header_stdint_h=yes
ac_cv_header_stdlib_h=yes
ac_cv_header_string_h=yes
ac_cv_header_strings_h=yes
ac_cv_header_sys_soundcard_h=yes
ac_cv_header_sys_stat_h=yes
ac_cv_header_sys_time_h=yes
ac_cv_header_sys_types_h=yes
ac_cv_header_unistd_h=yes
ac_cv_header_vorbis_vorbisfile_h=yes
ac_cv_host=x86_64-pc-linux-gnu
ac_cv_lib_ICE_IceConnectionNumber=yes
ac_cv_lib_ICE_IceOpenConnection=yes
ac_cv_lib_SM_SmcOpenConnection=yes
ac_cv_lib_X11_XOpenDisplay=yes
ac_cv_lib_Xdamage_XDamageQueryExtension=yes
ac_cv_lib_Xext_XShmQueryVersion=yes
ac_cv_lib_Xfixes_XFixesQueryExtension=yes
ac_cv_lib_asound_snd_pcm_drain=no
ac_cv_lib_jack_jack_activate=no
ac_cv_lib_m_isnan=yes
ac_cv_lib_ogg_ogg_stream_init=yes
ac_cv_lib_popt_poptSetOtherOptionHelp=yes
ac_cv_lib_pthread_pthread_mutex_lock=yes
ac_cv_lib_theora_theora_encode_YUVin=yes
ac_cv_lib_vorbis_vorbis_info_clear=yes
ac_cv_lib_vorbisenc_vorbis_encode_init=yes
ac_cv_lib_vorbisfile_ov_open=yes
ac_cv_lib_z_deflate=yes
ac_cv_objext=o
ac_cv_path_EGREP='/bin/grep -E'
ac_cv_path_GREP=/bin/grep
ac_cv_path_install='/usr/bin/install -c'
ac_cv_path_mkdir=/bin/mkdir
ac_cv_prog_AWK=mawk
ac_cv_prog_CPP='gcc -E'
ac_cv_prog_ac_ct_CC=gcc
ac_cv_prog_cc_c89=
ac_cv_prog_cc_g=yes
ac_cv_prog_make_make_set=yes
ac_cv_search_opendir='none required'
ac_cv_type_u_int16_t=yes
ac_cv_type_u_int32_t=yes
ac_cv_type_u_int64_t=yes
am_cv_CC_dependencies_compiler_type=gcc3
am_cv_make_support_nested_variables=yes
am_cv_prog_cc_c_o=yes

## ----------------- ##
## Output variables. ##
## ----------------- ##

ACLOCAL='${SHELL} /home/ishan/xriftstuff/XRift/recordmydesktop/missing aclocal-1.15'
AMDEPBACKSLASH='\'
AMDEP_FALSE='#'
AMDEP_TRUE=''
AMTAR='$${TAR-tar}'
AM_BACKSLASH='\'
AM_DEFAULT_V='$(AM_DEFAULT_VERBOSITY)'
AM_DEFAULT_VERBOSITY='1'
AM_V='$(V)'
AUTOCONF='${SHELL} /home/ishan/xriftstuff/XRift/recordmydesktop/missing autoconf'
AUTOHEADER='${SHELL} /home/ishan/xriftstuff/XRift/recordmydesktop/missing autoheader'
AUTOMAKE='${SHELL} /home/ishan/xriftstuff/XRift/recordmydesktop/missing automake-1.15'
AWK='mawk'
CC='gcc'
CCDEPMODE='depmode=gcc3'
CFLAGS='-g -O2'
CPP='gcc -E'
CPPFLAGS=''
CYGPATH_W='echo'
DEFS='-DHAVE_CONFIG_H'
DEPDIR='.deps'
ECHO_C=''
ECHO_N='-n'
ECHO_T=''
EGREP='/bin/grep -E'
EXEEXT=''
GREP='/bin/grep'
INSTALL_DATA='${INSTALL} -m 644'
INSTALL_PROGRAM='${INSTALL}'
INSTALL_SCRIPT='${INSTALL}'
INSTALL_STRIP_PROGRAM='$(install_sh) -c -s'
LDFLAGS=''
LIBOBJS=''
LIBS='-lpthread -ltheora -logg -lvorbisenc -lvorbisfile -lvorbis -lXdamage -lXfixes -lXext -lX11 -lSM -lICE -lpopt -lz -lm '
LTLIBOBJS=''
MAKEINFO='${SHELL} /home/ishan/xriftstuff/XRift/recordmydesktop/missing makeinfo'
MKDIR_P='/bin/mkdir -p'
OBJEXT='o'
PACKAGE='recordmydesktop'
PACKAGE_BUGREPORT=''
PACKAGE_NAME='recordmydesktop'
PACKAGE_STRING='recordmydesktop 0.3.8.1'
PACKAGE_TARNAME='recordmydesktop'
PACKAGE_URL=''
PACKAGE_VERSION='0.3.8.1'
PATH_SEPARATOR=':'
SET_MAKE=''
SHELL='/bin/bash'
STRIP=''
VERSION='0.3.8.1'
XMKMF=''
X_CFLAGS=''
X_EXTRA_LIBS=''
X_LIBS=''
X_PRE_LIBS=' -lSM -lICE'
ac_ct_CC='gcc'
am__EXEEXT_FALSE=''
am__EXEEXT_TRUE='#'
am__fastdepCC_FALSE='#'
am__fastdepCC_TRUE=''
am__include='include'
am__isrc=''
am__leading_dot='.'
am__nodep='_no'
am__quote=''
am__tar='$${TAR-tar} chof - "$$tardir"'
am__untar='$${TAR-tar} xf -'
bindir='${exec_prefix}/bin'
build='x86_64-pc-linux-gnu'
build_alias=''
build_cpu='x86_64'
build_os='linux-gnu'
build_vendor='pc'
datadir='${datarootdir}'
datarootdir='${prefix}/share'
docdir='${datarootdir}/doc/${PACKAGE_TARNAME}'
dvidir='${docdir}'
exec_prefix='${prefix}'
host='x86_64-pc-linux-gnu'
host_alias=''
host_cpu='x86_64'
host_os='linux-gnu'
host_vendor='pc'
htmldir='${docdir}'
includedir='${prefix}/include'
infodir='${datarootdir}/info'
install_sh='${SHELL} /home/ishan/xriftstuff/XRift/recordmydesktop/install-sh'
libdir='${exec_prefix}/lib'
libexecdir='${exec_prefix}/libexec'
localedir='${datarootdir}/locale'
localstatedir='${prefix}/var'
mandir='${datarootdir}/man'
mkdir_p='$(MKDIR_P)'
oldincludedir='/usr/include'
pdfdir='${docdir}'
prefix='/usr/local'
program_transform_name='s,x,x,'
psdir='${docdir}'
runstatedir='${localstatedir}/run'
sbindir='${exec_prefix}/sbin'
sharedstatedir='${prefix}/com'
sysconfdir='${prefix}/etc'
target_alias=''

## ----------- ##
## confdefs.h. ##
## ----------- ##

/* confdefs.h */
#define PACKAGE_NAME "recordmydesktop"
#define PACKAGE_TARNAME "recordmydesktop"
#define PACKAGE_VERSION "0.3.8.1"
#define PACKAGE_STRING "recordmydesktop 0.3.8.1"
#define PACKAGE_BUGREPORT ""
#define PACKAGE_URL ""
#define PACKAGE "recordmydesktop"
#define VERSION "0.3.8.1"
#define STDC_HEADERS 1
#define HAVE_SYS_TYPES_H 1
#define HAVE_SYS_STAT_H 1
#define HAVE_STDLIB_H 1
#define HAVE_STRING_H 1
#define HAVE_MEMORY_H 1
#define HAVE_STRINGS_H 1
#define HAVE_INTTYPES_H 1
#define HAVE_STDINT_H 1
#define HAVE_UNISTD_H 1
#define HAVE_DIRENT_H 1
#define STDC_HEADERS 1
#define HAVE_SYS_TIME_H 1
#define HAVE_UNISTD_H 1
#define HAVE_VORBIS_VORBISFILE_H 1
#define HAVE_FCNTL_H 1
#define HAVE_U_INT16_T 1
#define HAVE_U_INT32_T 1
#define HAVE_U_INT64_T 1
#define HAVE_LIBM 1
#define HAVE_LIBZ 1
#define HAVE_LIBPOPT 1
#define HAVE_LIBICE 1
#define HAVE_LIBSM 1
#define HAVE_LIBX11 1
#define HAVE_LIBXEXT 1
#define HAVE_LIBXFIXES 1
#define HAVE_LIBXDAMAGE 1
#define HAVE_LIBVORBIS 1
#define HAVE_LIBVORBISFILE 1
#define HAVE_LIBVORBISENC 1
#define HAVE_LIBOGG 1
#define HAVE_LIBTHEORA 1
#define HAVE_LIBPTHREAD 1
#define HAVE_STDLIB_H 1
#define HAVE_MALLOC 1

configure: exit 0
